1738826125513:hello
1738826128557:exit
1738826167124:help
1738826171967:goodbye
1738826185882:version
1738826189196:script
1738826197960:history
1738826200761:quit
1738892050358:help
1738892057112:goodbye
1738892775952:quit
1738924593147:quti
1738924595827:quit
1739157111752:help
1739157144605:getSecret -appKey xDCg8nclYShx4tlT -keyId 107969f5a0d143b7b85cc4cc8a75046a
1739157368344:help
1739157380098:getSecret
1739157464557:help getSecret
1739157529231:help
1739157536010:help getSecret
1739157561544:getSecret --appKey xDCg8nclYShx4tlT --keyId 107969f5a0d143b7b85cc4cc8a75046a
1739157743870:getSecret -appKey xDCg8nclYShx4tlT -keyId 107969f5a0d143b7b85cc4cc8a75046a
1739157756458:getSecret --appKey xDCg8nclYShx4tlT --keyId 107969f5a0d143b7b85cc4cc8a75046a
1739157971656:help getSecret
1739157999574:getSecret --appKey xDCg8nclYShx4tlT --keyId 42fdf76424d949dc94862212c1887f33
1739158205385:getSecret --appKey y5eytdE6empg5Eis --keyId e2c218710b034089a87897aa05a58939 --mac bc:d0:74:81:d2:ce
1739158229885:getSecret --appKey xDCg8nclYShx4tlT --keyId 42fdf76424d949dc94862212c1887f33 --mac bc:d0:74:81:d2:ce
1739158238074:help getSecret
1739158347313:help
1739158413691:getSecret
1739158470294:help
1739158589682:help getSecret
